<?xml version="1.0" encoding="UTF-8"?>
<!-- Generated by org.testng.reporters.JUnitReportReporter -->
<testsuite skipped="0" hostname="WINDOWS-7DKQRGE" name="com.bdd.myProject.AppTest" tests="1" failures="0" timestamp="26 Mar 2020 22:15:55 GMT" time="0.009" errors="0">
  <testcase name="testApp" time="0.009" classname="com.bdd.myProject.AppTest"/>
</testsuite> <!-- com.bdd.myProject.AppTest -->
